ACTUALIZAR_PDV_DATOS	77082
ANDE	140257
ASU_MAN	6791
AUDIT_CABLE_INSTALADO	24
AUDIT_CABLE_PROYECTO	3487
AUDIT_CLIENTE	1062
AUDIT_COLUMNA	374
AUDIT_NAP	6390
CABLE_INSTALADO	24
CABLE_PROYECTO	3461
CALLES	10583
CALLESPY	295934
CALLES_ASU	10583
CAPITALES	18
CATICAPY	46054
CELDAS	569
CELDASCATEGORIA	3
CELDASCOBERTURA	16824
CELDASCOBERTURA010716530	15044
CELDASCOBERTURA02062016	14819
CELDASCOBERTURA13062016	14825
CELDASCOBERTURA170220160444	13054
CELDASCOBERTURABK010220161000	12461
CELDASCOBERTURABK020320161100	13468
CELDASCOBERTURABK110220161116	12638
CELDASCOBERTURABK120516	14559
CELDASCOBERTURABK14032016549	13513
CELDASCOBERTURABK20102016	15764
CELDASCOBERTURABKLOC	16466
CELDASCOBERTURACOPIA20120827	3714
CELDASCOBERTURADEMO	14819
CELDASCOBERTURA_IMPORT	422
CELDASGEO	3539
CELDASMIGRACION	2865
CELDASN	0
CELDASORIGINAL	569
CELDASTIPO	2
CELDAS_TRAFICO	0
CENSO2005ICA	46054
CENSO2008	42512
CE_COMISIONES_REPRESENTANTES	47783
CE_ENCUESTAS	135
CE_ENCUESTASEYT	167
CE_ENCUESTASNR	33
CE_ENCUESTASNRZC	2152
CE_ENCUESTASNRZCCELDA	12174
CE_ENCUESTASRANGOMENSUAL	180
CE_ENCUESTASZONAS	91
CE_INDPARAM	2
CE_PARAMETROS	6
CE_REP_ENCGRUPOSCANALES_HIS	28832
CE_REP_ENCGRUPOSCANALES_HIS_P	11744
CE_REP_ENCUESTASEYT_HIS	13679
CE_REP_ENCUESTASNR_HIS	2148
CE_REP_ENCUESTAS_HIS	10869
CE_REP_INDPARAM	2
CE_REP_SEG_PARAM	3
CE_TEMP_ENCDATOSCEX_EYT	0
CE_TEMP_ENCDATOS_EYT	0
CE_TEMP_ENCINDRESULT_EYT	0
CE_TEMP_ENCUESTASDATOS	0
CE_TEMP_ENCUESTASDATOSCEX	0
CE_TEMP_ENCUESTASDATOSRANGO	0
CE_TEMP_ENCUESTASDATOSRANGOCEX	0
CE_TEMP_ENCUESTASDATOSRANGOREP	8506
CE_TEMP_ENCUESTASDATOSRANGO_R	14127
CE_TEMP_ENCUESTASDATOS_NR	0
CE_TEMP_ENCUESTASINDRESEVOL	0
CE_TEMP_ENCUESTASINDRESRANGO	0
CE_TEMP_ENCUESTASINDRESULT	0
CE_TEMP_ENCUESTASINDRESULT_NR	0
CE_TEMP_ENCUESTASREPCOMISIONES	790
CE_TEMP_ENCUESTASZC	0
CE_TEMP_ENCUESTAS_NRZC	0
CE_TEMP_ENC_INDRESNR_ALL	0
CE_TEMP_REP_ENCGRUPOSCANALES	0
CE_TEMP_REP_ENC_OP_MXC	0
CE_TEMP_TEXT_MINING_NPS	0
CE_TEMP_US_ENCUESTASDATOS	0
CE_TEXT_MINING_NPS	85256
CE_US_ENCUESTASRESP	350087
CE_US_ENCUESTASRESPBK2604	128086
CE_US_ENCUESTASVALOR	550436
CE_US_ENCUESTASVALORBK2604	204655
CE_US_ENCUESTASVALORBK_	489
CE_US_FUNCIONARIOS	0
CE_US_FUNCIONARIOS_	3449
CE_US_FUNCIONARIOS_BK	1685
CE_US_INVITACIONES	276613
CE_US_JERARQUIA	2328
CE_US_JERARQUIA_COPIA20160909	21212
CLIENTE	1062
COBERTURA10KM	507
COBERTURA10KMUO	1
COBERTURA3G1900	1
COBERTURA3G850	1
COBERTURAGSM1900	1
COBERTURAGSM850	1
COBERTURAINTERNET3G	205
COLUMNA	374
COM_OBJ_BUDGET	573
COM_OBJ_NI	6379
COM_OBJ_NI_GSAC	3714
COPIA_PDV_20110822	19925
CUSTOMER_EXPERIENCE	1457
DET_MOVIMIENTO_MXC	233075
DTH_CLIENTES	0
DTH_DATOS_TECNICOS	132794
ENLACE	232
ENLACECANALES	47
ENLACECANALTIPO	4
ENLACEESTADO	4
ENLACENODOS	192
ENLACETIPO	17
ENLACETRIBUTARIO	167
ESTATUS_CELDAS_2G	22962
ESTATUS_CELDAS_3G	45546
ESTATUS_SITIOS	7784
GERENCIA	5
GIS_APP_AUDIT	5631
GRANASUBAR	355
ICA2012LAMBARE	3572
ICA2012LIMPIO	1771
ICA2012LUQUE	3914
ICA2012NEMBY	1901
ICA2012SANLORENZO	8976
ICA2013GRANASUNCION	35802
INDICADORESENCUESTA_HIS	15
LATLONCAPITALES	18
LATLONCIUDADES	231
LATLONPYDPTO	18
LATLONPYDTO	236
LATLONPYHIDRO	106153
LATLONPYHIDROPRIN	18369
LATLONPYLIMITE	1
LATLONPYMUNICIPAL	224
LATLONPYRUTAS	12222
LATLONPYVIAPRIN	43967
LATLONPYVIAS	295934
LINEASPUNTOQUIEBRE	16849
LOCALES2013	1045
LOCALIDADES	5448
LOCALIDADES2011	5537
LOCALIDADES2012	8234
LOCALIDADES2012_COPIA	8234
LOGWSLBS001	142729
M0_8CDC5$$	10
M1_8CDC5$$	0
M2_8CDC5$$	0
MAPAS01	15
MAPASDEFINICION	9
MAPASESTRUCTURA	58
MAPASMSW	8
MAPASMSWMODELO	1
MAPASROLES	16
MAPASUSERS	10
MAPASUSERSLOG	24584
MAPASWEB	23
MAPASWEBUSER	52
MAPATESTEO	0
MDQT_8CE38$	220351
MDRT_203D6B$	1
MDRT_20630A$	7
MDRT_214F12$	3572
MDRT_44B604$	1
MDRT_47FE73$	1
MDRT_65AEA6$	7
MDRT_65AF11$	174
MDRT_8CA72$	2
MDRT_8CA7A$	4134
MDRT_8CA86$	408
MDRT_8CA91$	408
MDRT_8CA9C$	11377
MDRT_8CAAB$	1
MDRT_8CAB4$	1774
MDRT_8CAC0$	211
MDRT_8CACB$	1670
MDRT_8CAD7$	1638
MDRT_8CAE5$	10
MDRT_8CAEF$	1
MDRT_8CAF8$	10
MDRT_8CB02$	1
MDRT_8CB0B$	10
MDRT_8CB15$	471
MDRT_8CD6A$	1694
MDRT_8CDC5$	0
MDRT_8CED3$	1
MDRT_8CEE6$	11377
MDRT_8CEF5$	705
MDRT_8CF00$	4082
MDRT_8CF0C$	139
MDRT_8CF17$	2530
MDRT_8CF23$	1
MDRT_8CF2C$	1
MDRT_8CF35$	16
MDRT_8CF3F$	6
MDRT_8CF49$	1
MDRT_8CF52$	6
MDRT_8CF5C$	1
MDRT_8CF65$	6
MDRT_8CF6F$	2211
MDRT_8CF7A$	383
MDRT_8CF85$	1
MDRT_8CF8E$	6
MDRT_8CF98$	257
MDRT_8CFA3$	918
MDRT_8CFAE$	6167
MDRT_8D004$	1638
MDRT_8D231$	1774
MDRT_8D297$	1
MDRT_8D2D2$	15
MDRT_8D31D$	112
MDRT_8D369$	313
MDRT_8D3B5$	12
MDRT_8D405$	12
MDRT_8D446$	1
MDRT_8D47C$	364
MDRT_8D4D2$	1
MDRT_8D521$	1
MDRT_8D566$	482
MDRT_8D5B7$	117
MDRT_8D608$	6
MDRT_8D63A$	76
MDRT_8D677$	1
MDRT_8D6C1$	1
MDRT_8D6F7$	1
MDRT_8D73C$	1
MDRT_8D790$	1
MDRT_8D79E$	570
MDRT_8D837$	189
MDRT_8D88D$	12
MDRT_8D8D3$	158
MDRT_8D90A$	30
MDRT_8D92D$	1
MDRT_8D968$	95
MDRT_8D9AE$	12
MDRT_8D9E5$	175
MDRT_8DA12$	30
MDRT_8DA4E$	1
MDRT_8DA84$	95
MDRT_8DAC0$	40
MDRT_8DB0B$	83
MDRT_8DB52$	38
MDRT_8DB93$	76
MDRT_8DBD5$	23
MDRT_8DC07$	4
MDRT_8DC80$	747
MDRT_8DD8A$	2
MDRT_A25CE$	2
MD_CATALOGS	0
MD_COLUMNS	0
MD_CONNECTIONS	0
MD_CONSTRAINTS	0
MD_CONSTRAINT_DETAILS	0
MD_DERIVATIVES	0
MD_GROUPS	0
MD_GROUP_MEMBERS	0
MD_GROUP_PRIVILEGES	0
MD_INDEXES	0
MD_INDEX_DETAILS	0
MD_MIGR_DEPENDENCY	0
MD_MIGR_PARAMETER	0
MD_MIGR_WEAKDEP	0
MD_OTHER_OBJECTS	0
MD_PACKAGES	0
MD_PRIVILEGES	0
MD_PROJECTS	0
MD_REGISTRY	0
MD_REPOVERSIONS	0
MD_SCHEMAS	0
MD_SEQUENCES	0
MD_STORED_PROGRAMS	0
MD_SYNONYMS	0
MD_TABLES	0
MD_TABLESPACES	0
MD_TRIGGERS	0
MD_USERS	0
MD_USER_PRIVILEGES	0
MOV_MAXICARGA	233075
M_PDV_VENTAS_GEO	20578
NAP	6022
NAP131220181733	5109
NAPBK10102018	2622
NAPBK241020181134	3183
NAP_BK03072018	761
NAP_BK090620181221	402
NAP_BK120720180959	837
NAP_BK130720180644	943
NAP_BK130720180839	913
NAP_BK140620181143	507
NAP_BK150620180637	554
NAP_BK161020181145	2768
NAP_BK161120181814	4226
NAP_BK170920181630	2519
NAP_BK231120181036	4547
NAP_BK31052018	235
NOC_DEPTO_ZONA	20
NOC_DETALLES_SALDOS_MXC	0
NOC_DETALLES_SALDOS_MXC_BK	100222
NOC_DETALLES_SALDOS_MXC_TMP	0
NOC_ENVIOS_MOV	0
NOC_MOV_MAXICARGA	145560
NOC_MOV_MAXICARGA_TMP	145560
NOC_PACKAGE_STATUS	210410
NOC_PACKAGE_STATUS_PRUEBA	126704
NOC_SALDOS_MAXICARGA	183490
NOC_SALDOS_MAXICARGA_INICIAL	183490
NOC_SALDOS_MAXICARGA_TMP	0
NUEVO_CIRCUITO	35323
NUEVO_CIRCUITO1	867
NUEVO_CIRCUITO2	449
OBJ_COM_CARGA_COMPRA	597
OBJ_COM_CARGA_COMPRAII	75
OBJ_COM_CARGA_CONSUMO	799
OBJ_COM_CARGA_CONSUMOII	75
ODS_SALDOS_MAXICARGA	59106
PARAGUAY_2012_DISTRITOS	246
PDV	86060
PDV1_BK160820170328	68864
PDV96_settings	ERROR_CONTEO
PDVBK010220160222	52135
PDVBK031120151106	49355
PDVBK110920170944	69611
PDVBK110920171004	69611
PDVBK111020181725	84311
PDVBK120720170601	67772
PDVBK250120160219	50960
PDVBK250220161102	52603
PDVCAMBIOS20120127	23274
PDVCIRCUITOCOPIA20150102	209
PDVCOPIA20120217	23921
PDVCOPIA20120221	23944
PDVCOPIA20120309	24279
PDVCOPIA20120518	26991
PDVCOPIA20120525	27283
PDVCOPIA20120724	28549
PDVCOPIA20120726	28691
PDVCOPIA20130220	32476
PDVCOPIA20130228	32658
PDVCOPIA20130313	33145
PDVCOPIA20130326	33603
PDVCOPIA20130814	35809
PDVCOPIA20140124	38933
PDVCOPIA20140218	39064
PDVCOPIA20140228	39825
PDVCOPIA20140410A	40991
PDVCOPIA20140421	41006
PDVCOPIA20140609	41202
PDVCOPIA20140617A	41259
PDVCOPIA20160810	57026
PDVFINAL	43350
PDVGEO	14928
PDVGEOEXT	27283
PDVGMAPS	0
PDVORIGINAL20121008	29893
PDVOTROS201109	17993
PDVPARCIAL	12339
PDVULTIMO	42512
PDVULTIMOODBC	42512
PDVVENDEDORCOPIA20141120	313
PDVVENTAS_VORONOI_201304	0
PDV_02012017	78344
PDV_AGENTE	14
PDV_AGENTESUPER	109
PDV_AGENTESUPER_20112017	105
PDV_AGENTE_METAS	56
PDV_AGENTE_METAS_DIARIAS	2
PDV_AGENTE_TERRITORIO	2
PDV_BK07062017_12_00	66566
PDV_BK071120170450	71046
PDV_BK071220181004	85148
PDV_BK160820170153	68861
PDV_BK160820170328	68864
PDV_BK191220171055	72495
PDV_BK220920170144	69912
PDV_BK270620180646	79365
PDV_BKCOPYDATA	80275
PDV_BKTEST	84605
PDV_BL190420180557	75685
PDV_CIRCUITO	1485
PDV_CIRCUITOBK05032018	1441
PDV_CIRCUITOBK05092017	1404
PDV_CIRCUITOBK091120171150	1414
PDV_CIRCUITOBK10012018	1439
PDV_CIRCUITOBK16082017	1394
PDV_CIRCUITOBK28092017	1412
PDV_CIRCUITO_26092017	1447
PDV_CIRCUITO_26092017_1	1412
PDV_CONTROL	1
PDV_CONTROL_02012017	1
PDV_GESTOR	202
PDV_GESTOR_20112017	188
PDV_IMPORT	62
PDV_IMPULSADOR	2
PDV_JEFE_SUPERVISOR	7
PDV_JEFE_SUPERVISOR_20112017	8
PDV_LINEAS	0
PDV_LINEAS_ESTADO_MAESTRO	3
PDV_LINEAS_SERVICIOS	0
PDV_LINEAS_SERVICIOS_MAESTRO	3
PDV_MARCAS_MAESTRO	12
PDV_NUCLEOSUPER	40
PDV_NUCLEOSUPER_20112017	43
PDV_OTROS_SERVICIOS	0
PDV_OTROS_SERVICIOS_MAESTRO	20
PDV_PARA_COPIAR	86060
PDV_PDA_COORDINADOR	1
PDV_PDA_IMPULSADOR	2
PDV_PG	78365
PDV_REDES	0
PDV_REDES_MAESTRO	8
PDV_RUBRO	325
PDV_RUTA	0
PDV_SERVICIOS	0
PDV_SERVICIOS_MAESTRO	10
PDV_SFM_ASESOR	1
PDV_SFM_COORDINADOR	1
PDV_SFM_IMPULSADOR	1
PDV_SN	3
PDV_SUPERVISOR_DA	5
PDV_SUPERVISOR_RUTA	48
PDV_SUPERVISOR_RUTABK10012018	36
PDV_SUPERVISOR_RUTA_26092017	44
PDV_SUPERVISOR_RUTA_26092017_1	45
PDV_TEST10042018	0
PDV_TEST_LINEAS_MAXI	25449
PDV_TEST_PRUEBA	13739
PDV_TEST_PRUEBA1	451
PDV_TIPODOC	2
PDV_VENDEDOR	0
PDV_VENDEDORBK_07022018	433
PDV_VENDEDOR_26092017	595
PDV_VENDEDOR_26092017_1	591
PF_REF_SIMBOLO	3567
PORTAL_MAPAS	2
PORTAL_USUARIOS	1
PORTAL_USUARIOS_MAPAS	2
POTENCIACATEGOR	4
PPDV2010	0
PRUEBA	120681
PRUEBA_FUNCIONES_INTERLINEA	100000
PRUEBA_FUNCIONES_INTERLINEA_	100000
PRUEBA_IVR_USUARIOS	27783
PRUEBA_LINEAS_CONTRATO	2365
PUNTOSCENSALES2002	175748
PY11CIUDADES	19
PY11DISTRITOS	19
PY11LOCALIDADES	399
PY11VIAS	65735
PY11VIASPRINCIPALES	3584
PYCAPITALES	18
PYCIUDADES	231
PYDEPARTAMENTOS	18
PYDISTRITO	236
PYDISTRITOS2011	246
PYDISTRITOS2011_COPIA	242
PYDISTRITOS2012	246
PYDISTRITOS2012_BK19122017	245
PYDPTOLATLONG	18
PYHIDRO	106153
PYHIDROPRIN	18369
PYLIMITE	1
PYMUNICIPAL	224
PYRUTAS	12222
PYVIAPRIN	43967
PYVIAS	295934
QRYLOCALES	110
RPT_COM_OBJETIVOS	1328
RUNNERSERVICETABLE	16
SALDO_INICIAL_TMP	16071
SDO_MAPS_TABLE	1
SDO_STYLES_TABLE	43
SDO_THEMES_TABLE	2
SITIOSDIC11	507
SITIOSENLACE	307
SITIOSENLACEORIGINALUTM	307
SITIOSEQPO	0
SITIOSESTADO	5
SITIOSESTADON	5
SITIOSN	463
SITIOSOPERATIVOS	1133
SITIOSTIPO	13
TEST_LINEAS_CLUSTER	8225
TIGO3GCOBERTURA10KM	6
TIGOCOBERTURA10KM	6
TIPOAPP	5
UMANZANAS	55828
USUARIOS	8
USUARIOSACTIVIDAD	76589
USUARIOSCODACTIVIDAD	36
V_CEX_CLASIF_ENCUESTAS	1312401
V_FCT_KDD_MXC_QBRE_HR	953694
V_FCT_KDD_MXC_SALES_VIEW	27339
V_FCT_KDD_MXC_SHOPP_VIEW	27556
V_NOC_INDICADORES_AGENTE	29
V_NOC_INDICADORES_AGENTE_T	29
V_NOC_INDICADORES_CAT	0
V_NOC_INDICADORES_CAT_T	0
V_NOC_INDICADORES_CLUSTER	12
V_NOC_INDICADORES_CLUSTER_T	12
V_NOC_INDICADORES_DEPTO	182
V_NOC_INDICADORES_DEPTO_T	182
V_NOC_INDICADORES_DIST	1975
V_NOC_INDICADORES_DIST_T	1975
V_NOC_INDICADORES_LOCBAR	12682
V_NOC_INDICADORES_LOCBAR_T	12682
V_NOC_METAS_COMPRAS_VENTAS	1
V_NOC_METAS_COMPRAS_VENTAS_T	1
V_NOC_METAS_HIS	3
V_NOC_METAS_HIS_T	3
V_NOC_MOV_COMPRAS_HIS_60	18
V_NOC_MOV_COMPRAS_HIS_60_T	18
V_NOC_MOV_COMPRAS_HIS_60_ZC	108
V_NOC_MOV_COMPRAS_HIS_60_ZC_T	108
V_NOC_MOV_COMPRAS_PESO	18
V_NOC_MOV_COMPRAS_PESO_T	18
V_NOC_MOV_COMPRAS_PESO_ZC	108
V_NOC_MOV_COMPRAS_PESO_ZC_T	108
V_NOC_MOV_COMPRA_MES_HIS	23711
V_NOC_MOV_COMPRA_MES_HIS_ZC	23711
V_NOC_MOV_COMPRA_MES_HIS_ZC_T	0
V_NOC_MOV_C_Y_O_V_MES_HIS	49175
V_NOC_MOV_C_Y_O_V_MES_HIS_ZC	49156
V_NOC_MOV_C_Y_O_V_MES_HIS_ZC_T	0
V_NOC_MOV_HISTORICO	112
V_NOC_MOV_PARQUE_030_HIS	10
V_NOC_MOV_PARQUE_030_HIS_ZC	60
V_NOC_MOV_PARQUE_030_HIS_ZC_T	0
V_NOC_MOV_TOTALES_DEPTO_PG	19
V_NOC_MOV_TOTALES_DEPTO_PG_T	19
V_NOC_MOV_TOTALES_DEP_PROY	18
V_NOC_MOV_TOTALES_DEP_PROY_HIS	18
V_NOC_MOV_TOTALES_DEP_PROY_H_T	0
V_NOC_MOV_TOTALES_DEP_PROY_T	18
V_NOC_MOV_TOTALES_DEP_PROY_ZC	23
V_NOC_MOV_TOTALES_DEP_P_ZC_T	23
V_NOC_MOV_TOTALES_MES	5
V_NOC_MOV_TOTALES_MES_OBJ	2
V_NOC_MOV_TOTALES_MES_OBJ_T	2
V_NOC_MOV_TOTALES_MES_OBJ_ZC	8
V_NOC_MOV_TOTALES_MES_OBJ_ZC_T	8
V_NOC_MOV_TOTALES_MES_T	5
V_NOC_MOV_TOTALES_PG	5
V_NOC_MOV_TOTALES_PG_T	5
V_NOC_MOV_TOTALES_PG_ZC	19
V_NOC_MOV_TOTALES_PG_ZC_T	19
V_NOC_MOV_TOTALES_RECARGA	13
V_NOC_MOV_TOTALES_RECARGA_T	13
V_NOC_MOV_TOTAL_ZONA_PG	7
V_NOC_MOV_TOTAL_ZONA_PG_T	7
V_NOC_MOV_TOT_DEP_PROY_H_ZC	23
V_NOC_MOV_TOT_DEP_PROY_H_ZC_T	0
V_NOC_MOV_VENTAS_HIS_60	18
V_NOC_MOV_VENTAS_HIS_60_T	18
V_NOC_MOV_VENTAS_HIS_60_ZC	108
V_NOC_MOV_VENTAS_HIS_60_ZC_T	108
V_NOC_MOV_VENTAS_PESO	18
V_NOC_MOV_VENTAS_PESO_T	18
V_NOC_MOV_VENTAS_PESO_ZC	108
V_NOC_MOV_VENTAS_PESO_ZC_T	108
V_NOC_MOV_VENTA_MES_HIS	25464
V_NOC_MOV_VENTA_MES_HIS_ZC	25445
V_NOC_MOV_VENTA_MES_HIS_ZC_T	0
V_NOC_MXC_MOVCOMPRA_CAT_PG	7999
V_NOC_MXC_MOVCOMPRA_CAT_PG_T	7999
V_NOC_MXC_MOVCOMPRA_TRANSF_PG	395
V_NOC_MXC_MOVCOMPRA_TRAN_PG_T	395
V_NOC_MXC_MOVVENTA_CAT_PG	19702
V_NOC_MXC_MOVVENTA_CAT_PG_T	19702
V_NOC_PARQUE_030_DIARIO	36
V_NOC_PARQUE_030_DIARIO_T	36
V_NOC_PARQUE_030_DIARIO_ZC	233
V_NOC_PARQUE_030_DIARIO_ZC_T	0
V_NOC_PARQUE_030_D_TIPOS	90
V_NOC_PARQUE_030_D_TIPOS_T	90
V_NOC_PARQUE_030_D_TIPOS_ZC	566
V_NOC_PARQUE_030_D_TIPOS_ZC_T	0
V_NOC_PARQUE_030_HISTORICO	28
V_NOC_PARQUE_030_PDV_LINEAS	1
V_NOC_PARQUE_030_PDV_LINEAS_T	0
V_NOC_PARQUE_030_PDV_L_ZC	6
V_NOC_PARQUE_030_PDV_L_ZC_T	0
V_NOC_TOTALES_MESANT	2
V_NOC_TOTALES_MESANT_T	0
V_NOC_TOTALES_MESANT_ZC	12
V_NOC_TOTALES_MESANT_ZC_T	0
V_NOC_TOTAL_RECARGA	6
V_NOC_TOTAL_RECARGA_T	6
V_PDV1_MSTR	86327
V_PDV1_SALDOS_LINEA_PG	44141
V_PDV1_SALDOS_LINEA_PG_T	44141
V_PDV1_SALDOS_LINEA_PG_TEST	43408
V_PDV1_SALDOS_LINEA_PG_TEST_A	43408
V_PDV1_SALDOS_LINEA_PG_TEST_BK	36143
V_PDV1_SALDOS_PG	47331
V_PDV1_SALDOS_PG_T	47331
V_PDV_ACTIVACIONES_DIA	2415
V_PDV_ACTIVACIONES_DIA_T	2415
V_PDV_ACTIVACIONES_MES	43248
V_PDV_ACTIVACIONES_MES_ANT	4993
V_PDV_ACTIVACIONES_MES_ANT_T	4993
V_PDV_ACTIVACIONES_MES_HIS	235165
V_PDV_ACTIVACIONES_MES_HIS_T	0
V_PDV_ACTIVACIONES_MES_T	0
V_PDV_ACTIVACIONES_TOTAL	1148
V_PDV_ACTIVACIONES_TOTAL_T	1148
V_PDV_AGENTE_METAS_COMPRAS	2
V_PDV_AGENTE_METAS_COMPRAS_T	2
V_PDV_AGENTE_METAS_COMPRAS_ZC	9
V_PDV_AGENTE_METAS_COM_ZC_T	9
V_PDV_AGENTE_METAS_VENTAS	2
V_PDV_AGENTE_METAS_VENTAS_T	2
V_PDV_AGENTE_METAS_VENTAS_ZC	11
V_PDV_AGENTE_METAS_VENTAS_ZC_T	11
V_PDV_CARGA_HIS_COMPRA	1123130
V_PDV_CARGA_HIS_COMPRA_OBJ	17
V_PDV_CARGA_HIS_COMPRA_OBJ_T	17
V_PDV_CARGA_HIS_COMPRA_OBJ_ZC	102
V_PDV_CARGA_HIS_COMPRA_T	0
V_PDV_CARGA_HIS_VENTA	26496272
V_PDV_CARGA_HIS_VENTA_L	7229440
V_PDV_CARGA_HIS_VENTA_OBJ	17
V_PDV_CARGA_HIS_VENTA_OBJ_T	17
V_PDV_CARGA_HIS_VENTA_OBJ_ZC	102
V_PDV_CARGA_HIS_VENTA_OBJ_ZC_T	102
V_PDV_CARGA_HIS_VENTA_T	0
V_PDV_CARGA_H_COMPRA_OBJ_ZC_T	102
V_PDV_CC_MES	16
V_PDV_CC_MES_HIS	52
V_PDV_CC_MES_HIS_T	0
V_PDV_CC_MES_T	16
V_PDV_COMPRADIA_HIS	17
V_PDV_COMPRADIA_HIS_T	0
V_PDV_COMPRADIA_HIS_ZC	102
V_PDV_COMPRADIA_HIS_ZC_T	0
V_PDV_COMPRADIA_MESANT_HIS	31
V_PDV_COMPRADIA_MESANT_HIS_T	0
V_PDV_COMPRADIA_MESANT_HIS_ZC	186
V_PDV_COMPRADIA_MESANT_H_ZC_T	0
V_PDV_COMPRAVENTA_MESANT	25991
V_PDV_COMPRAVENTA_MESANT_T	25991
V_PDV_LINEAS_AGENTES_COMISION	88723
V_PDV_QUIEBREACUM_MES_ANT	35527
V_PDV_QUIEBREACUM_MES_ANT_T	35527
V_PDV_QUIEBRE_AGENTE_PG	3
V_PDV_QUIEBRE_AGENTE_PG_T	3
V_PDV_QUIEBRE_DEPARTAMENTO_PG	17
V_PDV_QUIEBRE_DEP_PG_T	17
V_PDV_QUIEBRE_DISTRITO_PG	190
V_PDV_QUIEBRE_DISTRITO_PG_T	190
V_PDV_QUIEBRE_PG	2564
V_PDV_QUIEBRE_PG_T	2564
V_PDV_RESUMEN_COMPRAS_PG	3
V_PDV_RESUMEN_COMPRAS_PG_T	0
V_PDV_RESUMEN_COMPRAS_PG_ZC	18
V_PDV_RESUMEN_COMPRAS_PG_ZC_T	0
V_PDV_RESUMEN_VENTAS_PG	3
V_PDV_RESUMEN_VENTAS_PG_T	0
V_PDV_RESUMEN_VENTAS_PG_ZC	20
V_PDV_RESUMEN_VENTAS_PG_ZC_T	0
V_PDV_SALDOS_LINEA_PG	75120
V_PDV_SALDOS_LINEA_PG_T	75120
V_PDV_SALDOS_PG	36938
V_PDV_SALDOS_PG_T	36938
V_PDV_TOTALCOMPRADIA_HIS	2
V_PDV_TOTALCOMPRADIA_HIS_T	0
V_PDV_TOTALCOMPRADIA_HIS_ZC	9
V_PDV_TOTALCOMPRADIA_HIS_ZC_T	0
V_PDV_TOTALCOMPRA_HIS	2
V_PDV_TOTALCOMPRA_HIS_T	0
V_PDV_TOTALCOMPRA_HIS_ZC	10
V_PDV_TOTALCOMPRA_HIS_ZC_T	0
V_PDV_TOTALCOMPRA_MESANT_HIS	2
V_PDV_TOTALCOMPRA_MESANT_HIS_T	0
V_PDV_TOTALCOMPRA_M_ANT_HIS_ZC	10
V_PDV_TOTALCOM_M_ANT_HIS_ZC_T	0
V_PDV_TOTALVENTADIA_HIS	3
V_PDV_TOTALVENTADIA_HIS_T	0
V_PDV_TOTALVENTADIA_HIS_ZC	14
V_PDV_TOTALVENTADIA_HIS_ZC_T	0
V_PDV_TOTALVENTA_HIS	3
V_PDV_TOTALVENTA_HIS_T	0
V_PDV_TOTALVENTA_HIS_ZC	15
V_PDV_TOTALVENTA_HIS_ZC_T	0
V_PDV_TOTALVENTA_MESANT_HIS	3
V_PDV_TOTALVENTA_MESANT_HIS_T	0
V_PDV_TOTALVENTA_M_ANT_HIS_ZC	16
V_PDV_TOTALVEN_M_ANT_HIS_ZC_T	0
V_PDV_VENDEDORES_LINEAS	43656
V_PDV_VENTADIA_HIS	17
V_PDV_VENTADIA_HIS_T	0
V_PDV_VENTADIA_HIS_ZC	102
V_PDV_VENTADIA_HIS_ZC_T	0
V_PDV_VENTADIA_MESANT_HIS	31
V_PDV_VENTADIA_MESANT_HIS_T	0
V_PDV_VENTADIA_MESANT_HIS_ZC	186
V_PDV_VENTADIA_MESANT_H_ZC_T	0
V_REPOR_PDV_ACTIVADOR	15930
V_REPOR_PDV_ACTIVADOR_1	14387
V_REPOR_PDV_LINEAS_MADRE	13
V_REPOR_PDV_LINEAS_VENDEDOR	619
V_REPOR_PDV_MAXICARGA	87517
V_REPOR_PDV_MAXICARGA_TEST	80262
V_REPOR_PDV_MAXICARGA_TEST_A	78095
V_SEGMENTADOR_VPDV1	85358
V_SEGMENTADOR_VPDV1_ACTIVOS	46744
V_SEGMENTADOR_VPDV_LINEAS	79241
WEBVAS_MARCACIONES_PUNTOS	26
ZONASCOMERCIAL2011	6
ZONASCOMERCIAL2014_02	6
ZONASCOMERCIAL2016_01	6
midas_audit	ERROR_CONTEO
midas_users	ERROR_CONTEO
wceldas_81_audit	ERROR_CONTEO
wceldas_users	ERROR_CONTEO
webreport_admin	ERROR_CONTEO
webreport_sql	ERROR_CONTEO
webreport_style	ERROR_CONTEO
webreports	ERROR_CONTEO
wobjetivos_audit	ERROR_CONTEO
wobjetivos_users	ERROR_CONTEO
wpdvorcl81E_users	ERROR_CONTEO
wpdvorcl_audit	ERROR_CONTEO
wpdvorcl_users	ERROR_CONTEO
wusuarios_uggroups	ERROR_CONTEO
wusuarios_ugmembers	ERROR_CONTEO
wusuarios_ugrights	ERROR_CONTEO
wusuarios_users	ERROR_CONTEO
