         1 ./dwh-mapas.v_pdv_totalventa_his_t.csv
         1 ./dwh-mapas.v_noc_parque_030_pdv_lineas_t.csv
         1 ./dwh-mapas.v_noc_mov_parque_030_his_zc_t.csv
         1 ./dwh-mapas.v_noc_mov_c_y_o_v_mes_his_zc_t.csv
         1 ./dwh-mapas.v_pdv_totalcompradia_his_zc_t.csv
         1 ./dwh-mapas.v_pdv_totalcompra_his_zc_t.csv
         1 ./dwh-mapas.v_noc_mov_venta_mes_his_zc_t.csv
         1 ./dwh-mapas.v_pdv_compradia_his_zc_t.csv
         1 ./dwh-mapas.v_pdv_compradia_mesant_h_zc_t.csv
         1 ./dwh-mapas.noc_detalles_saldos_mxc.csv
         1 ./dwh-mapas.v_pdv_ventadia_his_t.csv
         1 ./dwh-mapas.v_noc_indicadores_cat.csv
         1 ./dwh-mapas.v_pdv_totalventadia_his_t.csv
         1 ./dwh-mapas.v_pdv_totalventadia_his_zc_t.csv
         1 ./dwh-mapas.v_pdv_ventadia_mesant_h_zc_t.csv
         1 ./dwh-mapas.v_pdv_compradia_mesant_his_t.csv
         1 ./dwh-mapas.celdas_trafico.csv
         1 ./dwh-mapas.v_pdv_resumen_compras_pg_t.csv
         1 ./dwh-mapas.noc_detalles_saldos_mxc_tmp.csv
         1 ./dwh-mapas.v_pdv_totalven_m_ant_his_zc_t.csv
         1 ./dwh-mapas.v_pdv_totalventa_his_zc_t.csv
         1 ./dwh-mapas.v_pdv_activaciones_mes_t.csv
         1 ./dwh-mapas.noc_saldos_maxicarga_tmp.csv
         1 ./dwh-mapas.v_noc_mov_tot_dep_proy_h_zc_t.csv
         1 ./dwh-mapas.v_pdv_ventadia_mesant_his_t.csv
         1 ./dwh-mapas.v_noc_totales_mesant_t.csv
         1 ./dwh-mapas.v_noc_indicadores_cat_t.csv
         1 ./dwh-mapas.v_pdv_carga_his_venta_t.csv
         1 ./dwh-mapas.v_pdv_totalcompradia_his_t.csv
         1 ./dwh-mapas.v_pdv_cc_mes_his_t.csv
         1 ./dwh-mapas.v_pdv_ventadia_his_zc_t.csv
         1 ./dwh-mapas.v_noc_totales_mesant_zc_t.csv
         1 ./dwh-mapas.v_pdv_totalcompra_mesant_his_t.csv
         1 ./dwh-mapas.v_pdv_activaciones_mes_his_t.csv
         1 ./dwh-mapas.v_pdv_resumen_compras_pg_zc_t.csv
         1 ./dwh-mapas.v_pdv_resumen_ventas_pg_zc_t.csv
         1 ./dwh-mapas.pdv_test10042018.csv
         1 ./dwh-mapas.v_pdv_totalcompra_his_t.csv
         1 ./dwh-mapas.v_pdv_compradia_his_t.csv
         1 ./dwh-mapas.v_noc_mov_compra_mes_his_zc_t.csv
         1 ./dwh-mapas.v_pdv_resumen_ventas_pg_t.csv
         1 ./dwh-mapas.v_noc_parque_030_pdv_l_zc_t.csv
         1 ./dwh-mapas.pdv_vendedor.csv
         1 ./dwh-mapas.v_pdv_totalventa_mesant_his_t.csv
         1 ./dwh-mapas.v_pdv_totalcom_m_ant_his_zc_t.csv
         1 ./dwh-mapas.pdv_lineas.csv
         1 ./dwh-mapas.v_noc_parque_030_diario_zc_t.csv
         1 ./dwh-mapas.v_pdv_carga_his_compra_t.csv
         1 ./dwh-mapas.v_noc_parque_030_d_tipos_zc_t.csv
         1 ./dwh-mapas.ce_us_funcionarios.csv
         1 ./dwh-mapas.v_noc_mov_totales_dep_proy_h_t.csv
         1 ./dwh-mapas.md_columns.csv
         1 ./dwh-mapas.md_connections.csv
         1 ./dwh-mapas.md_constraints.csv
         1 ./dwh-mapas.md_constraint_details.csv
         1 ./dwh-mapas.md_derivatives.csv
         1 ./dwh-mapas.md_groups.csv
         1 ./dwh-mapas.md_group_members.csv
         1 ./dwh-mapas.md_group_privileges.csv
         1 ./dwh-mapas.md_indexes.csv
         1 ./dwh-mapas.md_index_details.csv
         1 ./dwh-mapas.md_migr_dependency.csv
         1 ./dwh-mapas.md_migr_parameter.csv
         1 ./dwh-mapas.md_migr_weakdep.csv
         1 ./dwh-mapas.md_other_objects.csv
         1 ./dwh-mapas.md_packages.csv
         1 ./dwh-mapas.md_privileges.csv
         1 ./dwh-mapas.md_projects.csv
         1 ./dwh-mapas.md_registry.csv
         1 ./dwh-mapas.md_repoversions.csv
         1 ./dwh-mapas.md_schemas.csv
         1 ./dwh-mapas.md_sequences.csv
         1 ./dwh-mapas.md_stored_programs.csv
         1 ./dwh-mapas.md_synonyms.csv
         1 ./dwh-mapas.md_tables.csv
         1 ./dwh-mapas.md_tablespaces.csv
         1 ./dwh-mapas.md_triggers.csv
         1 ./dwh-mapas.md_users.csv
         1 ./dwh-mapas.md_user_privileges.csv
         1 ./dwh-mapas.noc_envios_mov.csv
         0 ./dwh-mapas.pdv96_settings.csv
         1 ./dwh-mapas.pdvgmaps.csv
         1 ./dwh-mapas.pdvventas_voronoi_201304.csv
         1 ./dwh-mapas.sitioseqpo.csv
         1 ./dwh-mapas.mapatesteo.csv
         1 ./dwh-mapas.md_catalogs.csv
         1 ./dwh-mapas.celdasn.csv
         1 ./dwh-mapas.dth_clientes.csv
         1 ./dwh-mapas.pdv_lineas_servicios.csv
         1 ./dwh-mapas.pdv_otros_servicios.csv
         1 ./dwh-mapas.pdv_redes.csv
         1 ./dwh-mapas.pdv_ruta.csv
         1 ./dwh-mapas.pdv_servicios.csv
         1 ./dwh-mapas.ppdv2010.csv
         0 ./dwh-mapas.webreport_sql.csv
         0 ./dwh-mapas.webreport_style.csv
         0 ./dwh-mapas.wusuarios_uggroups.csv
         1 ./dwh-mapas.ce_temp_encuestasdatos.csv
         1 ./dwh-mapas.ce_temp_encuestaszc.csv
         1 ./dwh-mapas.ce_temp_encuestasindresult.csv
         1 ./dwh-mapas.ce_temp_encuestasdatos_nr.csv
         1 ./dwh-mapas.ce_temp_encuestasindresult_nr.csv
         1 ./dwh-mapas.ce_temp_encuestasdatosrango.csv
         1 ./dwh-mapas.ce_temp_encuestasindresrango.csv
         1 ./dwh-mapas.ce_temp_encuestas_nrzc.csv
         1 ./dwh-mapas.ce_temp_enc_indresnr_all.csv
         1 ./dwh-mapas.ce_temp_encuestasindresevol.csv
         1 ./dwh-mapas.ce_temp_encdatos_eyt.csv
         1 ./dwh-mapas.ce_temp_encindresult_eyt.csv
         1 ./dwh-mapas.ce_temp_rep_encgruposcanales.csv
         1 ./dwh-mapas.ce_temp_encdatoscex_eyt.csv
         1 ./dwh-mapas.ce_temp_encuestasdatoscex.csv
         1 ./dwh-mapas.ce_temp_encuestasdatosrangocex.csv
         1 ./dwh-mapas.ce_temp_rep_enc_op_mxc.csv
         1 ./dwh-mapas.ce_temp_us_encuestasdatos.csv
         2 ./dwh-mapas.v_noc_parque_030_pdv_lineas.csv
         2 ./dwh-mapas.portal_usuarios.csv
         2 ./dwh-mapas.pdv_control.csv
         2 ./dwh-mapas.pdv_pda_coordinador.csv
         2 ./dwh-mapas.pdv_sfm_coordinador.csv
         2 ./dwh-mapas.pdv_sfm_impulsador.csv
         2 ./dwh-mapas.v_noc_metas_compras_ventas_t.csv
         2 ./dwh-mapas.v_noc_metas_compras_ventas.csv
         2 ./dwh-mapas.pdv_control_02012017.csv
         7 ./dwh-mapas.pylimite.csv
         2 ./dwh-mapas.sdo_maps_table.csv
         7 ./dwh-mapas.latlonpylimite.csv
         2 ./dwh-mapas.mapasmswmodelo.csv
         7 ./dwh-mapas.cobertura10kmuo.csv
         7 ./dwh-mapas.cobertura3g1900.csv
         7 ./dwh-mapas.cobertura3g850.csv
         7 ./dwh-mapas.coberturagsm1900.csv
         7 ./dwh-mapas.coberturagsm850.csv
         2 ./dwh-mapas.pdv_sfm_asesor.csv
         3 ./dwh-mapas.pdv_tipodoc.csv
         3 ./dwh-mapas.portal_usuarios_mapas.csv
         3 ./dwh-mapas.pdv_impulsador.csv
         3 ./dwh-mapas.v_pdv_totalcompra_mesant_his.csv
         3 ./dwh-mapas.v_pdv_agente_metas_compras_t.csv
         3 ./dwh-mapas.pdv_agente_metas_diarias.csv
         0 ./dwh-mapas.midas_users.csv
         0 ./dwh-mapas.webreport_admin.csv
         3 ./dwh-mapas.v_noc_mov_totales_mes_obj.csv
         3 ./dwh-mapas.v_noc_mov_totales_mes_obj_t.csv
         3 ./dwh-mapas.v_pdv_agente_metas_compras.csv
         3 ./dwh-mapas.v_noc_totales_mesant.csv
         3 ./dwh-mapas.v_pdv_totalcompradia_his.csv
         3 ./dwh-mapas.v_pdv_totalcompra_his.csv
         3 ./dwh-mapas.v_pdv_agente_metas_ventas_t.csv
         3 ./dwh-mapas.pdv_pda_impulsador.csv
         7 ./dwh-mapas.pdv_agente_territorio.csv
         3 ./dwh-mapas.sdo_themes_table.csv
         3 ./dwh-mapas.celdastipo.csv
         3 ./dwh-mapas.ce_indparam.csv
         3 ./dwh-mapas.ce_rep_indparam.csv
         3 ./dwh-mapas.portal_mapas.csv
         3 ./dwh-mapas.v_pdv_agente_metas_ventas.csv
         4 ./dwh-mapas.pdv_lineas_estado_maestro.csv
         4 ./dwh-mapas.ce_rep_seg_param.csv
         4 ./dwh-mapas.pdv_lineas_servicios_maestro.csv
         4 ./dwh-mapas.pdv_sn.csv
         4 ./dwh-mapas.v_pdv_resumen_compras_pg.csv
         4 ./dwh-mapas.v_noc_metas_his.csv
       233 ./dwh-mapas.enlace.csv
         4 ./dwh-mapas.v_pdv_resumen_ventas_pg.csv
         4 ./dwh-mapas.v_pdv_totalventa_his.csv
         0 ./dwh-mapas.wusuarios_ugmembers.csv
         4 ./dwh-mapas.v_pdv_quiebre_agente_pg_t.csv
         4 ./dwh-mapas.v_pdv_totalventadia_his.csv
         4 ./dwh-mapas.v_pdv_quiebre_agente_pg.csv
         4 ./dwh-mapas.v_noc_metas_his_t.csv
         4 ./dwh-mapas.celdascategoria.csv
         4 ./dwh-mapas.v_pdv_totalventa_mesant_his.csv
         0 ./dwh-mapas.wusuarios_users.csv
         5 ./dwh-mapas.potenciacategor.csv
         5 ./dwh-mapas.enlaceestado.csv
         5 ./dwh-mapas.enlacecanaltipo.csv
         6 ./dwh-mapas.v_noc_mov_totales_mes_t.csv
         6 ./dwh-mapas.v_noc_mov_totales_pg.csv
         6 ./dwh-mapas.pdv_supervisor_da.csv
         6 ./dwh-mapas.v_noc_mov_totales_mes.csv
         6 ./dwh-mapas.gerencia.csv
         6 ./dwh-mapas.v_noc_mov_totales_pg_t.csv
         6 ./dwh-mapas.sitiosestado.csv
         6 ./dwh-mapas.sitiosestadon.csv
         6 ./dwh-mapas.tipoapp.csv
         7 ./dwh-mapas.v_noc_total_recarga_t.csv
         7 ./dwh-mapas.zonascomercial2016_01.csv
         7 ./dwh-mapas.zonascomercial2011.csv
         7 ./dwh-mapas.zonascomercial2014_02.csv
         7 ./dwh-mapas.tigocobertura10km.csv
         7 ./dwh-mapas.v_noc_parque_030_pdv_l_zc.csv
         7 ./dwh-mapas.v_noc_total_recarga.csv
         7 ./dwh-mapas.ce_parametros.csv
         7 ./dwh-mapas.tigo3gcobertura10km.csv
         0 ./dwh-mapas.wpdvorcl81e_users.csv
         8 ./dwh-mapas.v_noc_mov_total_zona_pg.csv
         8 ./dwh-mapas.pdv_jefe_supervisor.csv
         8 ./dwh-mapas.v_noc_mov_total_zona_pg_t.csv
         9 ./dwh-mapas.v_noc_mov_totales_mes_obj_zc.csv
         9 ./dwh-mapas.pdv_redes_maestro.csv
         9 ./dwh-mapas.pdv_jefe_supervisor_20112017.csv
         9 ./dwh-mapas.mapasmsw.csv
         9 ./dwh-mapas.usuarios.csv
         9 ./dwh-mapas.v_noc_mov_totales_mes_obj_zc_t.csv
        10 ./dwh-mapas.v_pdv_agente_metas_compras_zc.csv
        10 ./dwh-mapas.v_pdv_agente_metas_com_zc_t.csv
        10 ./dwh-mapas.mapasdefinicion.csv
        10 ./dwh-mapas.v_pdv_totalcompradia_his_zc.csv
         0 ./dwh-mapas.webreports.csv
        11 ./dwh-mapas.v_pdv_totalcompra_m_ant_his_zc.csv
        11 ./dwh-mapas.v_noc_mov_parque_030_his.csv
        11 ./dwh-mapas.v_pdv_totalcompra_his_zc.csv
        11 ./dwh-mapas.pdv_servicios_maestro.csv
        11 ./dwh-mapas.mapasusers.csv
        12 ./dwh-mapas.v_pdv_agente_metas_ventas_zc_t.csv
        12 ./dwh-mapas.v_pdv_agente_metas_ventas_zc.csv
        13 ./dwh-mapas.v_noc_indicadores_cluster_t.csv
        13 ./dwh-mapas.v_noc_indicadores_cluster.csv
        13 ./dwh-mapas.v_noc_totales_mesant_zc.csv
        13 ./dwh-mapas.pdv_marcas_maestro.csv
        14 ./dwh-mapas.v_repor_pdv_lineas_madre.csv
        14 ./dwh-mapas.v_noc_mov_totales_recarga_t.csv
        14 ./dwh-mapas.sitiostipo.csv
        14 ./dwh-mapas.v_noc_mov_totales_recarga.csv
         0 ./dwh-mapas.wusuarios_ugrights.csv
        15 ./dwh-mapas.pdv_agente.csv
        15 ./dwh-mapas.v_pdv_totalventadia_his_zc.csv
         0 ./dwh-mapas.wceldas_users.csv
        16 ./dwh-mapas.v_pdv_totalventa_his_zc.csv
        17 ./dwh-mapas.runnerservicetable.csv
        17 ./dwh-mapas.mapasroles.csv
        16 ./dwh-mapas.mapas01.csv
        16 ./dwh-mapas.indicadoresencuesta_his.csv
        17 ./dwh-mapas.v_pdv_cc_mes_t.csv
        17 ./dwh-mapas.v_pdv_totalventa_m_ant_his_zc.csv
         0 ./dwh-mapas.wobjetivos_users.csv
        17 ./dwh-mapas.v_pdv_cc_mes.csv
        18 ./dwh-mapas.v_pdv_quiebre_dep_pg_t.csv
        18 ./dwh-mapas.v_pdv_carga_his_compra_obj_t.csv
        18 ./dwh-mapas.v_pdv_ventadia_his.csv
        18 ./dwh-mapas.v_pdv_carga_his_compra_obj.csv
        18 ./dwh-mapas.enlacetipo.csv
        18 ./dwh-mapas.v_pdv_quiebre_departamento_pg.csv
         0 ./dwh-mapas.midas_audit.csv
       570 ./dwh-mapas.celdas.csv
        18 ./dwh-mapas.v_pdv_carga_his_venta_obj_t.csv
        18 ./dwh-mapas.v_pdv_compradia_his.csv
        18 ./dwh-mapas.v_pdv_carga_his_venta_obj.csv
        19 ./dwh-mapas.v_noc_mov_compras_his_60_t.csv
        19 ./dwh-mapas.capitales.csv
        19 ./dwh-mapas.v_noc_mov_ventas_his_60_t.csv
        19 ./dwh-mapas.v_noc_mov_compras_his_60.csv
        19 ./dwh-mapas.v_noc_mov_totales_dep_proy_t.csv
        19 ./dwh-mapas.v_noc_mov_ventas_peso_t.csv
        19 ./dwh-mapas.v_noc_mov_ventas_his_60.csv
        19 ./dwh-mapas.v_noc_mov_totales_dep_proy_his.csv
        19 ./dwh-mapas.v_noc_mov_compras_peso_t.csv
        19 ./dwh-mapas.v_noc_mov_totales_dep_proy.csv
        19 ./dwh-mapas.v_noc_mov_compras_peso.csv
        19 ./dwh-mapas.v_pdv_resumen_compras_pg_zc.csv
        19 ./dwh-mapas.pycapitales.csv
         7 ./dwh-mapas.pydepartamentos.csv
         7 ./dwh-mapas.pydptolatlong.csv
        19 ./dwh-mapas.latloncapitales.csv
         7 ./dwh-mapas.latlonpydpto.csv
        19 ./dwh-mapas.v_noc_mov_ventas_peso.csv
        20 ./dwh-mapas.v_noc_mov_totales_pg_zc.csv
        20 ./dwh-mapas.v_noc_mov_totales_depto_pg.csv
         7 ./dwh-mapas.py11distritos.csv
        20 ./dwh-mapas.v_noc_mov_totales_depto_pg_t.csv
        20 ./dwh-mapas.py11ciudades.csv
        20 ./dwh-mapas.v_noc_mov_totales_pg_zc_t.csv
        21 ./dwh-mapas.pdv_otros_servicios_maestro.csv
        21 ./dwh-mapas.noc_depto_zona.csv
        21 ./dwh-mapas.v_pdv_resumen_ventas_pg_zc.csv
        25 ./dwh-mapas.audit_cable_instalado.csv
        25 ./dwh-mapas.cable_instalado.csv
        24 ./dwh-mapas.mapasweb.csv
        24 ./dwh-mapas.v_noc_mov_totales_dep_proy_zc.csv
        24 ./dwh-mapas.v_noc_mov_tot_dep_proy_h_zc.csv
        24 ./dwh-mapas.v_noc_mov_totales_dep_p_zc_t.csv
        27 ./dwh-mapas.webvas_marcaciones_puntos.csv
        29 ./dwh-mapas.v_noc_parque_030_historico.csv
        30 ./dwh-mapas.v_noc_indicadores_agente_t.csv
        30 ./dwh-mapas.v_noc_indicadores_agente.csv
        32 ./dwh-mapas.v_pdv_compradia_mesant_his.csv
        32 ./dwh-mapas.v_pdv_ventadia_mesant_his.csv
        34 ./dwh-mapas.ce_encuestasnr.csv
        37 ./dwh-mapas.v_noc_parque_030_diario.csv
        37 ./dwh-mapas.pdv_supervisor_rutabk10012018.csv
        37 ./dwh-mapas.usuarioscodactividad.csv
        37 ./dwh-mapas.v_noc_parque_030_diario_t.csv
        41 ./dwh-mapas.pdv_nucleosuper.csv
        44 ./dwh-mapas.pdv_nucleosuper_20112017.csv
         7 ./dwh-mapas.sdo_styles_table.csv
        45 ./dwh-mapas.pdv_supervisor_ruta_26092017.csv
        46 ./dwh-mapas.pdv_supervisor_ruta_26092017_1.csv
        48 ./dwh-mapas.enlacecanales.csv
        49 ./dwh-mapas.pdv_supervisor_ruta.csv
        53 ./dwh-mapas.mapaswebuser.csv
        53 ./dwh-mapas.v_pdv_cc_mes_his.csv
         0 ./dwh-mapas.wpdvorcl_users.csv
        57 ./dwh-mapas.pdv_agente_metas.csv
        59 ./dwh-mapas.mapasestructura.csv
        63 ./dwh-mapas.pdv_import.csv
        61 ./dwh-mapas.v_noc_mov_parque_030_his_zc.csv
        76 ./dwh-mapas.obj_com_carga_consumoii.csv
        76 ./dwh-mapas.obj_com_carga_compraii.csv
        91 ./dwh-mapas.v_noc_parque_030_d_tipos_t.csv
        91 ./dwh-mapas.v_noc_parque_030_d_tipos.csv
        92 ./dwh-mapas.ce_encuestaszonas.csv
       103 ./dwh-mapas.v_pdv_compradia_his_zc.csv
       103 ./dwh-mapas.v_pdv_carga_his_venta_obj_zc_t.csv
       103 ./dwh-mapas.v_pdv_carga_his_venta_obj_zc.csv
       103 ./dwh-mapas.v_pdv_carga_his_compra_obj_zc.csv
       103 ./dwh-mapas.v_pdv_ventadia_his_zc.csv
       103 ./dwh-mapas.v_pdv_carga_h_compra_obj_zc_t.csv
       106 ./dwh-mapas.pdv_agentesuper_20112017.csv
       109 ./dwh-mapas.v_noc_mov_compras_peso_zc_t.csv
       109 ./dwh-mapas.v_noc_mov_ventas_his_60_zc_t.csv
       109 ./dwh-mapas.v_noc_mov_ventas_peso_zc_t.csv
       109 ./dwh-mapas.v_noc_mov_ventas_peso_zc.csv
       109 ./dwh-mapas.v_noc_mov_ventas_his_60_zc.csv
       109 ./dwh-mapas.v_noc_mov_compras_his_60_zc_t.csv
       109 ./dwh-mapas.v_noc_mov_compras_peso_zc.csv
       109 ./dwh-mapas.v_noc_mov_compras_his_60_zc.csv
       110 ./dwh-mapas.pdv_agentesuper.csv
       111 ./dwh-mapas.qrylocales.csv
       113 ./dwh-mapas.v_noc_mov_historico.csv
       136 ./dwh-mapas.ce_encuestas.csv
       168 ./dwh-mapas.enlacetributario.csv
       168 ./dwh-mapas.ce_encuestaseyt.csv
       181 ./dwh-mapas.ce_encuestasrangomensual.csv
       183 ./dwh-mapas.v_noc_indicadores_depto_t.csv
       183 ./dwh-mapas.v_noc_indicadores_depto.csv
       187 ./dwh-mapas.v_pdv_compradia_mesant_his_zc.csv
       187 ./dwh-mapas.v_pdv_ventadia_mesant_his_zc.csv
       189 ./dwh-mapas.pdv_gestor_20112017.csv
       191 ./dwh-mapas.v_pdv_quiebre_distrito_pg_t.csv
       191 ./dwh-mapas.v_pdv_quiebre_distrito_pg.csv
       193 ./dwh-mapas.enlacenodos.csv
       203 ./dwh-mapas.pdv_gestor.csv
       206 ./dwh-mapas.coberturainternet3g.csv
       210 ./dwh-mapas.pdvcircuitocopia20150102.csv
         7 ./dwh-mapas.latlonpymunicipal.csv
         7 ./dwh-mapas.pymunicipal.csv
       232 ./dwh-mapas.pyciudades.csv
       232 ./dwh-mapas.latlonciudades.csv
       234 ./dwh-mapas.v_noc_parque_030_diario_zc.csv
       236 ./dwh-mapas.nap_bk31052018.csv
         7 ./dwh-mapas.pydistrito.csv
         7 ./dwh-mapas.latlonpydto.csv
         7 ./dwh-mapas.pydistritos2011_copia.csv
         7 ./dwh-mapas.pydistritos2012_bk19122017.csv
         7 ./dwh-mapas.pydistritos2012.csv
         7 ./dwh-mapas.paraguay_2012_distritos.csv
         7 ./dwh-mapas.pydistritos2011.csv
       308 ./dwh-mapas.sitiosenlaceoriginalutm.csv
       308 ./dwh-mapas.sitiosenlace.csv
       314 ./dwh-mapas.pdvvendedorcopia20141120.csv
       326 ./dwh-mapas.pdv_rubro.csv
       375 ./dwh-mapas.columna.csv
         7 ./dwh-mapas.granasubar.csv
       375 ./dwh-mapas.audit_columna.csv
       396 ./dwh-mapas.v_noc_mxc_movcompra_transf_pg.csv
       396 ./dwh-mapas.v_noc_mxc_movcompra_tran_pg_t.csv
         7 ./dwh-mapas.py11localidades.csv
       403 ./dwh-mapas.nap_bk090620181221.csv
       423 ./dwh-mapas.celdascobertura_import.csv
       434 ./dwh-mapas.pdv_vendedorbk_07022018.csv
       450 ./dwh-mapas.nuevo_circuito2.csv
       452 ./dwh-mapas.pdv_test_prueba1.csv
       464 ./dwh-mapas.sitiosn.csv
       490 ./dwh-mapas.ce_us_encuestasvalorbk_.csv
       508 ./dwh-mapas.cobertura10km.csv
       508 ./dwh-mapas.sitiosdic11.csv
       508 ./dwh-mapas.nap_bk140620181143.csv
       555 ./dwh-mapas.nap_bk150620180637.csv
       567 ./dwh-mapas.v_noc_parque_030_d_tipos_zc.csv
       570 ./dwh-mapas.celdasoriginal.csv
       574 ./dwh-mapas.com_obj_budget.csv
       598 ./dwh-mapas.obj_com_carga_compra.csv
       592 ./dwh-mapas.pdv_vendedor_26092017_1.csv
       596 ./dwh-mapas.pdv_vendedor_26092017.csv
       620 ./dwh-mapas.v_repor_pdv_lineas_vendedor.csv
       800 ./dwh-mapas.obj_com_carga_consumo.csv
       762 ./dwh-mapas.nap_bk03072018.csv
       791 ./dwh-mapas.ce_temp_encuestasrepcomisiones.csv
       838 ./dwh-mapas.nap_bk120720180959.csv
       868 ./dwh-mapas.nuevo_circuito1.csv
       914 ./dwh-mapas.nap_bk130720180839.csv
       944 ./dwh-mapas.nap_bk130720180644.csv
      1046 ./dwh-mapas.locales2013.csv
      1063 ./dwh-mapas.cliente.csv
      1063 ./dwh-mapas.audit_cliente.csv
      1134 ./dwh-mapas.sitiosoperativos.csv
      1149 ./dwh-mapas.v_pdv_activaciones_total.csv
      1149 ./dwh-mapas.v_pdv_activaciones_total_t.csv
      1329 ./dwh-mapas.rpt_com_objetivos.csv
         0 ./dwh-mapas.wceldas_81_audit.csv
      1395 ./dwh-mapas.pdv_circuitobk16082017.csv
      1405 ./dwh-mapas.pdv_circuitobk05092017.csv
      1413 ./dwh-mapas.pdv_circuito_26092017_1.csv
      1413 ./dwh-mapas.pdv_circuitobk28092017.csv
      1415 ./dwh-mapas.pdv_circuitobk091120171150.csv
      1440 ./dwh-mapas.pdv_circuitobk10012018.csv
      1448 ./dwh-mapas.pdv_circuito_26092017.csv
      1442 ./dwh-mapas.pdv_circuitobk05032018.csv
      1458 ./dwh-mapas.customer_experience.csv
      1486 ./dwh-mapas.pdv_circuito.csv
      1686 ./dwh-mapas.ce_us_funcionarios_bk.csv
         7 ./dwh-mapas.ica2012limpio.csv
         7 ./dwh-mapas.ica2012nemby.csv
      1976 ./dwh-mapas.v_noc_indicadores_dist_t.csv
      1976 ./dwh-mapas.v_noc_indicadores_dist.csv
      2149 ./dwh-mapas.ce_rep_encuestasnr_his.csv
      2153 ./dwh-mapas.ce_encuestasnrzc.csv
      2329 ./dwh-mapas.ce_us_jerarquia.csv
      2366 ./dwh-mapas.prueba_lineas_contrato.csv
      2416 ./dwh-mapas.v_pdv_activaciones_dia.csv
      2416 ./dwh-mapas.v_pdv_activaciones_dia_t.csv
      2520 ./dwh-mapas.nap_bk170920181630.csv
         7 ./dwh-mapas.v_pdv_quiebre_pg.csv
         7 ./dwh-mapas.v_pdv_quiebre_pg_t.csv
      2623 ./dwh-mapas.napbk10102018.csv
      2769 ./dwh-mapas.nap_bk161020181145.csv
      2866 ./dwh-mapas.celdasmigracion.csv
      3184 ./dwh-mapas.napbk241020181134.csv
      3488 ./dwh-mapas.audit_cable_proyecto.csv
      3462 ./dwh-mapas.cable_proyecto.csv
      3450 ./dwh-mapas.ce_us_funcionarios_.csv
      3715 ./dwh-mapas.com_obj_ni_gsac.csv
      3540 ./dwh-mapas.celdasgeo.csv
      3568 ./dwh-mapas.pf_ref_simbolo.csv
         7 ./dwh-mapas.ica2012lambare.csv
         7 ./dwh-mapas.py11viasprincipales.csv
      3715 ./dwh-mapas.celdascoberturacopia20120827.csv
         7 ./dwh-mapas.ica2012luque.csv
      4227 ./dwh-mapas.nap_bk161120181814.csv
      4548 ./dwh-mapas.nap_bk231120181036.csv
      4994 ./dwh-mapas.v_pdv_activaciones_mes_ant_t.csv
      4994 ./dwh-mapas.v_pdv_activaciones_mes_ant.csv
      5110 ./dwh-mapas.nap131220181733.csv
      5632 ./dwh-mapas.gis_app_audit.csv
         7 ./dwh-mapas.localidades.csv
      6023 ./dwh-mapas.nap.csv
         7 ./dwh-mapas.localidades2011.csv
      6391 ./dwh-mapas.audit_nap.csv
      6380 ./dwh-mapas.com_obj_ni.csv
         0 ./dwh-mapas.wpdvorcl_audit.csv
         7 ./dwh-mapas.asu_man.csv
      7785 ./dwh-mapas.estatus_sitios.csv
      8000 ./dwh-mapas.v_noc_mxc_movcompra_cat_pg_t.csv
      8000 ./dwh-mapas.v_noc_mxc_movcompra_cat_pg.csv
      8226 ./dwh-mapas.test_lineas_cluster.csv
         7 ./dwh-mapas.localidades2012_copia.csv
         7 ./dwh-mapas.localidades2012.csv
      8507 ./dwh-mapas.ce_temp_encuestasdatosrangorep.csv
      8977 ./dwh-mapas.ica2012sanlorenzo.csv
     10584 ./dwh-mapas.calles_asu.csv
     10584 ./dwh-mapas.calles.csv
     10870 ./dwh-mapas.ce_rep_encuestas_his.csv
     11745 ./dwh-mapas.ce_rep_encgruposcanales_his_p.csv
     12175 ./dwh-mapas.ce_encuestasnrzccelda.csv
         7 ./dwh-mapas.latlonpyrutas.csv
         7 ./dwh-mapas.pyrutas.csv
     12340 ./dwh-mapas.pdvparcial.csv
     12462 ./dwh-mapas.celdascoberturabk010220161000.csv
     12639 ./dwh-mapas.celdascoberturabk110220161116.csv
     12683 ./dwh-mapas.v_noc_indicadores_locbar_t.csv
     12683 ./dwh-mapas.v_noc_indicadores_locbar.csv
     13055 ./dwh-mapas.celdascobertura170220160444.csv
     13680 ./dwh-mapas.ce_rep_encuestaseyt_his.csv
     13469 ./dwh-mapas.celdascoberturabk020320161100.csv
     13514 ./dwh-mapas.celdascoberturabk14032016549.csv
     13740 ./dwh-mapas.pdv_test_prueba.csv
     14128 ./dwh-mapas.ce_temp_encuestasdatosrango_r.csv
     14388 ./dwh-mapas.v_repor_pdv_activador_1.csv
         0 ./dwh-mapas.wobjetivos_audit.csv
     14560 ./dwh-mapas.celdascoberturabk120516.csv
     14820 ./dwh-mapas.celdascoberturademo.csv
     14820 ./dwh-mapas.celdascobertura02062016.csv
     14826 ./dwh-mapas.celdascobertura13062016.csv
         7 ./dwh-mapas.pdvgeo.csv
     15045 ./dwh-mapas.celdascobertura010716530.csv
     15765 ./dwh-mapas.celdascoberturabk20102016.csv
     15931 ./dwh-mapas.v_repor_pdv_activador.csv
     16072 ./dwh-mapas.saldo_inicial_tmp.csv
     16467 ./dwh-mapas.celdascoberturabkloc.csv
     16825 ./dwh-mapas.celdascobertura.csv
     16850 ./dwh-mapas.lineaspuntoquiebre.csv
     17994 ./dwh-mapas.pdvotros201109.csv
         7 ./dwh-mapas.latlonpyhidroprin.csv
         7 ./dwh-mapas.pyhidroprin.csv
     19703 ./dwh-mapas.v_noc_mxc_movventa_cat_pg.csv
     19703 ./dwh-mapas.v_noc_mxc_movventa_cat_pg_t.csv
     19926 ./dwh-mapas.copia_pdv_20110822.csv
         5 ./dwh-mapas.m_pdv_ventas_geo.csv
     21213 ./dwh-mapas.ce_us_jerarquia_copia20160909.csv
     24585 ./dwh-mapas.mapasuserslog.csv
     22963 ./dwh-mapas.estatus_celdas_2g.csv
     23712 ./dwh-mapas.v_noc_mov_compra_mes_his.csv
     23712 ./dwh-mapas.v_noc_mov_compra_mes_his_zc.csv
     23275 ./dwh-mapas.pdvcambios20120127.csv
         7 ./dwh-mapas.pdvcopia20120217.csv
         7 ./dwh-mapas.pdvcopia20120221.csv
         7 ./dwh-mapas.pdvcopia20120309.csv
     25446 ./dwh-mapas.v_noc_mov_venta_mes_his_zc.csv
     25450 ./dwh-mapas.pdv_test_lineas_maxi.csv
     25465 ./dwh-mapas.v_noc_mov_venta_mes_his.csv
     25992 ./dwh-mapas.v_pdv_compraventa_mesant.csv
     25992 ./dwh-mapas.v_pdv_compraventa_mesant_t.csv
         7 ./dwh-mapas.pdvgeoext.csv
     27340 ./dwh-mapas.v_fct_kdd_mxc_sales_view.csv
         7 ./dwh-mapas.pdvcopia20120518.csv
     27557 ./dwh-mapas.v_fct_kdd_mxc_shopp_view.csv
     27784 ./dwh-mapas.prueba_ivr_usuarios.csv
         7 ./dwh-mapas.pdvcopia20120525.csv
     28833 ./dwh-mapas.ce_rep_encgruposcanales_his.csv
         7 ./dwh-mapas.pdvcopia20120724.csv
         7 ./dwh-mapas.pdvcopia20120726.csv
         7 ./dwh-mapas.pdvoriginal20121008.csv
         7 ./dwh-mapas.pdvcopia20130228.csv
         7 ./dwh-mapas.pdvcopia20130220.csv
         7 ./dwh-mapas.pdvcopia20130313.csv
         7 ./dwh-mapas.pdvcopia20130326.csv
     35324 ./dwh-mapas.nuevo_circuito.csv
     35528 ./dwh-mapas.v_pdv_quiebreacum_mes_ant_t.csv
     35528 ./dwh-mapas.v_pdv_quiebreacum_mes_ant.csv
     35803 ./dwh-mapas.ica2013granasuncion.csv
         7 ./dwh-mapas.pdvcopia20130814.csv
     36144 ./dwh-mapas.v_pdv1_saldos_linea_pg_test_bk.csv
     36939 ./dwh-mapas.v_pdv_saldos_pg.csv
     36939 ./dwh-mapas.v_pdv_saldos_pg_t.csv
         7 ./dwh-mapas.pdvcopia20140124.csv
         7 ./dwh-mapas.pdvcopia20140218.csv
         7 ./dwh-mapas.pdvcopia20140228.csv
         7 ./dwh-mapas.pdvcopia20140410a.csv
         7 ./dwh-mapas.pdvcopia20140421.csv
         7 ./dwh-mapas.pdvcopia20140609.csv
         7 ./dwh-mapas.pdvcopia20140617a.csv
     42513 ./dwh-mapas.censo2008.csv
     42513 ./dwh-mapas.pdvultimo.csv
     42513 ./dwh-mapas.pdvultimoodbc.csv
     43249 ./dwh-mapas.v_pdv_activaciones_mes.csv
     43351 ./dwh-mapas.pdvfinal.csv
     43409 ./dwh-mapas.v_pdv1_saldos_linea_pg_test.csv
     43409 ./dwh-mapas.v_pdv1_saldos_linea_pg_test_a.csv
     43657 ./dwh-mapas.v_pdv_vendedores_lineas.csv
         7 ./dwh-mapas.latlonpyviaprin.csv
         7 ./dwh-mapas.pyviaprin.csv
     44142 ./dwh-mapas.v_pdv1_saldos_linea_pg_t.csv
     44142 ./dwh-mapas.v_pdv1_saldos_linea_pg.csv
     45547 ./dwh-mapas.estatus_celdas_3g.csv
     46055 ./dwh-mapas.caticapy.csv
     46055 ./dwh-mapas.censo2005ica.csv
     46745 ./dwh-mapas.v_segmentador_vpdv1_activos.csv
     47784 ./dwh-mapas.ce_comisiones_representantes.csv
     47332 ./dwh-mapas.v_pdv1_saldos_pg_t.csv
     47332 ./dwh-mapas.v_pdv1_saldos_pg.csv
     49157 ./dwh-mapas.v_noc_mov_c_y_o_v_mes_his_zc.csv
     49176 ./dwh-mapas.v_noc_mov_c_y_o_v_mes_his.csv
         7 ./dwh-mapas.pdvbk031120151106.csv
         7 ./dwh-mapas.pdvbk250120160219.csv
         7 ./dwh-mapas.pdvbk010220160222.csv
         7 ./dwh-mapas.pdvbk250220161102.csv
         7 ./dwh-mapas.umanzanas.csv
         7 ./dwh-mapas.pdvcopia20160810.csv
     59107 ./dwh-mapas.ods_saldos_maxicarga.csv
         7 ./dwh-mapas.py11vias.csv
         7 ./dwh-mapas.pdv_bk07062017_12_00.csv
         5 ./dwh-mapas.pdvbk120720170601.csv
         7 ./dwh-mapas.pdv_bk160820170153.csv
         7 ./dwh-mapas.pdv1_bk160820170328.csv
         7 ./dwh-mapas.pdv_bk160820170328.csv
         7 ./dwh-mapas.pdvbk110920171004.csv
         5 ./dwh-mapas.pdvbk110920170944.csv
         7 ./dwh-mapas.pdv_bk220920170144.csv
         7 ./dwh-mapas.pdv_bk071120170450.csv
         7 ./dwh-mapas.pdv_bk191220171055.csv
     75121 ./dwh-mapas.v_pdv_saldos_linea_pg.csv
     75121 ./dwh-mapas.v_pdv_saldos_linea_pg_t.csv
         7 ./dwh-mapas.pdv_bl190420180557.csv
     76590 ./dwh-mapas.usuariosactividad.csv
     77083 ./dwh-mapas.actualizar_pdv_datos.csv
     78096 ./dwh-mapas.v_repor_pdv_maxicarga_test_a.csv
         7 ./dwh-mapas.pdv_02012017.csv
     78366 ./dwh-mapas.pdv_pg.csv
     79242 ./dwh-mapas.v_segmentador_vpdv_lineas.csv
         7 ./dwh-mapas.pdv_bk270620180646.csv
     80263 ./dwh-mapas.v_repor_pdv_maxicarga_test.csv
         7 ./dwh-mapas.pdv_bkcopydata.csv
         5 ./dwh-mapas.pdvbk111020181725.csv
         5 ./dwh-mapas.pdv_bktest.csv
         7 ./dwh-mapas.pdv_bk071220181004.csv
     85257 ./dwh-mapas.ce_text_mining_nps.csv
     85359 ./dwh-mapas.v_segmentador_vpdv1.csv
         7 ./dwh-mapas.pdv_para_copiar.csv
         7 ./dwh-mapas.pdv.csv
     86328 ./dwh-mapas.v_pdv1_mstr.csv
     87518 ./dwh-mapas.v_repor_pdv_maxicarga.csv
     88724 ./dwh-mapas.v_pdv_lineas_agentes_comision.csv
    100001 ./dwh-mapas.prueba_funciones_interlinea.csv
    100001 ./dwh-mapas.prueba_funciones_interlinea_.csv
    100223 ./dwh-mapas.noc_detalles_saldos_mxc_bk.csv
         7 ./dwh-mapas.latlonpyhidro.csv
         7 ./dwh-mapas.pyhidro.csv
    120682 ./dwh-mapas.prueba.csv
    126705 ./dwh-mapas.noc_package_status_prueba.csv
    128087 ./dwh-mapas.ce_us_encuestasrespbk2604.csv
    132795 ./dwh-mapas.dth_datos_tecnicos.csv
    140258 ./dwh-mapas.ande.csv
    142730 ./dwh-mapas.logwslbs001.csv
    145561 ./dwh-mapas.noc_mov_maxicarga.csv
    145561 ./dwh-mapas.noc_mov_maxicarga_tmp.csv
    175749 ./dwh-mapas.puntoscensales2002.csv
    183491 ./dwh-mapas.noc_saldos_maxicarga_inicial.csv
    183491 ./dwh-mapas.noc_saldos_maxicarga.csv
    204656 ./dwh-mapas.ce_us_encuestasvalorbk2604.csv
    210411 ./dwh-mapas.noc_package_status.csv
    235166 ./dwh-mapas.v_pdv_activaciones_mes_his.csv
    233076 ./dwh-mapas.mov_maxicarga.csv
    233076 ./dwh-mapas.det_movimiento_mxc.csv
    276614 ./dwh-mapas.ce_us_invitaciones.csv
         7 ./dwh-mapas.callespy.csv
         7 ./dwh-mapas.pyvias.csv
         7 ./dwh-mapas.latlonpyvias.csv
    350088 ./dwh-mapas.ce_us_encuestasresp.csv
    550437 ./dwh-mapas.ce_us_encuestasvalor.csv
    953695 ./dwh-mapas.v_fct_kdd_mxc_qbre_hr.csv
   1123131 ./dwh-mapas.v_pdv_carga_his_compra.csv
   1312402 ./dwh-mapas.v_cex_clasif_encuestas.csv
   7229441 ./dwh-mapas.v_pdv_carga_his_venta_l.csv
  26496273 ./dwh-mapas.v_pdv_carga_his_venta.csv
         1 ./dwh-mapas.ce_temp_text_mining_nps.csv
        11 ./dwh-mapas.m0_8cdc5$$.csv
         1 ./dwh-mapas.m1_8cdc5$$.csv
         8 ./dwh-mapas.mdrt_65aea6$.csv
       175 ./dwh-mapas.mdrt_65af11$.csv
         2 ./dwh-mapas.mdrt_8d6c1$.csv
         2 ./dwh-mapas.mdrt_8d6f7$.csv
         2 ./dwh-mapas.mdrt_8d73c$.csv
         2 ./dwh-mapas.mdrt_8d790$.csv
       571 ./dwh-mapas.mdrt_8d79e$.csv
       190 ./dwh-mapas.mdrt_8d837$.csv
        13 ./dwh-mapas.mdrt_8d88d$.csv
       159 ./dwh-mapas.mdrt_8d8d3$.csv
        31 ./dwh-mapas.mdrt_8d90a$.csv
         2 ./dwh-mapas.mdrt_8d92d$.csv
        96 ./dwh-mapas.mdrt_8d968$.csv
        13 ./dwh-mapas.mdrt_8d9ae$.csv
       176 ./dwh-mapas.mdrt_8d9e5$.csv
        31 ./dwh-mapas.mdrt_8da12$.csv
         2 ./dwh-mapas.mdrt_8da4e$.csv
        96 ./dwh-mapas.mdrt_8da84$.csv
        41 ./dwh-mapas.mdrt_8dac0$.csv
        84 ./dwh-mapas.mdrt_8db0b$.csv
        39 ./dwh-mapas.mdrt_8db52$.csv
        77 ./dwh-mapas.mdrt_8db93$.csv
        24 ./dwh-mapas.mdrt_8dbd5$.csv
         5 ./dwh-mapas.mdrt_8dc07$.csv
       748 ./dwh-mapas.mdrt_8dc80$.csv
         3 ./dwh-mapas.mdrt_8dd8a$.csv
         3 ./dwh-mapas.mdrt_a25ce$.csv
      3573 ./dwh-mapas.mdrt_214f12$.csv
    220352 ./dwh-mapas.mdqt_8ce38$.csv
         2 ./dwh-mapas.mdrt_203d6b$.csv
         8 ./dwh-mapas.mdrt_20630a$.csv
         2 ./dwh-mapas.mdrt_44b604$.csv
         2 ./dwh-mapas.mdrt_47fe73$.csv
         3 ./dwh-mapas.mdrt_8ca72$.csv
      4135 ./dwh-mapas.mdrt_8ca7a$.csv
       409 ./dwh-mapas.mdrt_8ca86$.csv
       409 ./dwh-mapas.mdrt_8ca91$.csv
     11378 ./dwh-mapas.mdrt_8ca9c$.csv
         2 ./dwh-mapas.mdrt_8caab$.csv
      1775 ./dwh-mapas.mdrt_8cab4$.csv
       212 ./dwh-mapas.mdrt_8cac0$.csv
      1671 ./dwh-mapas.mdrt_8cacb$.csv
      1639 ./dwh-mapas.mdrt_8cad7$.csv
        11 ./dwh-mapas.mdrt_8cae5$.csv
         2 ./dwh-mapas.mdrt_8caef$.csv
        11 ./dwh-mapas.mdrt_8caf8$.csv
         2 ./dwh-mapas.mdrt_8cb02$.csv
        11 ./dwh-mapas.mdrt_8cb0b$.csv
       472 ./dwh-mapas.mdrt_8cb15$.csv
      1695 ./dwh-mapas.mdrt_8cd6a$.csv
         1 ./dwh-mapas.mdrt_8cdc5$.csv
         2 ./dwh-mapas.mdrt_8ced3$.csv
     11378 ./dwh-mapas.mdrt_8cee6$.csv
       706 ./dwh-mapas.mdrt_8cef5$.csv
      4083 ./dwh-mapas.mdrt_8cf00$.csv
       140 ./dwh-mapas.mdrt_8cf0c$.csv
      2531 ./dwh-mapas.mdrt_8cf17$.csv
         2 ./dwh-mapas.mdrt_8cf23$.csv
         2 ./dwh-mapas.mdrt_8cf2c$.csv
        17 ./dwh-mapas.mdrt_8cf35$.csv
         7 ./dwh-mapas.mdrt_8cf3f$.csv
         2 ./dwh-mapas.mdrt_8cf49$.csv
         7 ./dwh-mapas.mdrt_8cf52$.csv
         2 ./dwh-mapas.mdrt_8cf5c$.csv
         7 ./dwh-mapas.mdrt_8cf65$.csv
      2212 ./dwh-mapas.mdrt_8cf6f$.csv
       384 ./dwh-mapas.mdrt_8cf7a$.csv
         2 ./dwh-mapas.mdrt_8cf85$.csv
         7 ./dwh-mapas.mdrt_8cf8e$.csv
       258 ./dwh-mapas.mdrt_8cf98$.csv
       919 ./dwh-mapas.mdrt_8cfa3$.csv
      6168 ./dwh-mapas.mdrt_8cfae$.csv
      1639 ./dwh-mapas.mdrt_8d004$.csv
      1775 ./dwh-mapas.mdrt_8d231$.csv
         2 ./dwh-mapas.mdrt_8d297$.csv
        16 ./dwh-mapas.mdrt_8d2d2$.csv
       113 ./dwh-mapas.mdrt_8d31d$.csv
       314 ./dwh-mapas.mdrt_8d369$.csv
        13 ./dwh-mapas.mdrt_8d3b5$.csv
        13 ./dwh-mapas.mdrt_8d405$.csv
         2 ./dwh-mapas.mdrt_8d446$.csv
       365 ./dwh-mapas.mdrt_8d47c$.csv
         2 ./dwh-mapas.mdrt_8d4d2$.csv
         2 ./dwh-mapas.mdrt_8d521$.csv
       483 ./dwh-mapas.mdrt_8d566$.csv
       118 ./dwh-mapas.mdrt_8d5b7$.csv
         7 ./dwh-mapas.mdrt_8d608$.csv
        77 ./dwh-mapas.mdrt_8d63a$.csv
         2 ./dwh-mapas.mdrt_8d677$.csv
         1 ./dwh-mapas.m2_8cdc5$$.csv
  44890347 total
